2022-08-24 08:30:32,582 - maincontroller.py - line:83 - INFO| [+] AGX API is running [2022-08-24 08:30:32.582477]
2022-08-24 08:30:46,522 - maincontroller.py - line:83 - INFO| [+] AGX API is running [2022-08-24 08:30:46.522879]
2022-08-24 08:30:46,593 - maincontroller.py - line:83 - INFO| [+] AGX API is running [2022-08-24 08:30:46.593688]
2022-08-24 08:30:46,603 - maincontroller.py - line:83 - INFO| [+] AGX API is running [2022-08-24 08:30:46.603662]
2022-08-24 08:30:46,624 - maincontroller.py - line:83 - INFO| [+] AGX API is running [2022-08-24 08:30:46.624605]
2022-08-24 08:30:46,633 - maincontroller.py - line:83 - INFO| [+] AGX API is running [2022-08-24 08:30:46.633587]
2022-08-24 08:30:46,782 - maincontroller.py - line:83 - INFO| [+] AGX API is running [2022-08-24 08:30:46.782183]
2022-08-24 08:30:46,823 - maincontroller.py - line:83 - INFO| [+] AGX API is running [2022-08-24 08:30:46.823075]
2022-08-24 08:30:46,901 - maincontroller.py - line:83 - INFO| [+] AGX API is running [2022-08-24 08:30:46.901863]
2022-08-24 08:30:46,963 - maincontroller.py - line:83 - INFO| [+] AGX API is running [2022-08-24 08:30:46.963698]
2022-08-24 08:30:46,978 - maincontroller.py - line:83 - INFO| [+] AGX API is running [2022-08-24 08:30:46.978658]
2022-08-24 08:30:46,994 - maincontroller.py - line:83 - INFO| [+] AGX API is running [2022-08-24 08:30:46.994615]
2022-08-24 08:30:47,005 - maincontroller.py - line:83 - INFO| [+] AGX API is running [2022-08-24 08:30:47.005586]
2022-08-24 08:30:47,011 - maincontroller.py - line:83 - INFO| [+] AGX API is running [2022-08-24 08:30:47.011569]
2022-08-24 08:30:47,031 - maincontroller.py - line:83 - INFO| [+] AGX API is running [2022-08-24 08:30:47.031517]
2022-08-24 08:30:47,049 - maincontroller.py - line:83 - INFO| [+] AGX API is running [2022-08-24 08:30:47.049468]
2022-08-24 08:30:47,060 - maincontroller.py - line:83 - INFO| [+] AGX API is running [2022-08-24 08:30:47.059441]
2022-08-24 08:30:48,523 - changefilename.py - line:41 - INFO| 图片有异物, 框住异物的图片保存成功
2022-08-24 08:30:48,538 - maincontroller.py - line:74 - ERROR| 文件夹图片分析异常:Traceback (most recent call last):
  File "maincontroller.py", line 71, in contrast_flod
    logger.info("文件夹图片分析成功" + results)
TypeError: can only concatenate str (not "Response") to str
行数:71
2022-08-24 08:32:12,147 - maincontroller.py - line:84 - INFO| [+] AGX API is running [2022-08-24 08:32:12.147496]
2022-08-24 08:32:24,164 - maincontroller.py - line:84 - INFO| [+] AGX API is running [2022-08-24 08:32:24.164549]
2022-08-24 08:32:24,227 - maincontroller.py - line:84 - INFO| [+] AGX API is running [2022-08-24 08:32:24.227382]
2022-08-24 08:32:24,228 - maincontroller.py - line:84 - INFO| [+] AGX API is running [2022-08-24 08:32:24.228376]
2022-08-24 08:32:24,228 - maincontroller.py - line:84 - INFO| [+] AGX API is running [2022-08-24 08:32:24.228376]
2022-08-24 08:32:24,341 - maincontroller.py - line:84 - INFO| [+] AGX API is running [2022-08-24 08:32:24.341075]
2022-08-24 08:32:24,352 - maincontroller.py - line:84 - INFO| [+] AGX API is running [2022-08-24 08:32:24.352046]
2022-08-24 08:32:24,358 - maincontroller.py - line:84 - INFO| [+] AGX API is running [2022-08-24 08:32:24.358030]
2022-08-24 08:32:24,361 - maincontroller.py - line:84 - INFO| [+] AGX API is running [2022-08-24 08:32:24.361021]
2022-08-24 08:32:24,519 - maincontroller.py - line:84 - INFO| [+] AGX API is running [2022-08-24 08:32:24.519596]
2022-08-24 08:32:24,519 - maincontroller.py - line:84 - INFO| [+] AGX API is running [2022-08-24 08:32:24.519596]
2022-08-24 08:32:24,530 - maincontroller.py - line:84 - INFO| [+] AGX API is running [2022-08-24 08:32:24.530567]
2022-08-24 08:32:24,574 - maincontroller.py - line:84 - INFO| [+] AGX API is running [2022-08-24 08:32:24.574449]
2022-08-24 08:32:24,586 - maincontroller.py - line:84 - INFO| [+] AGX API is running [2022-08-24 08:32:24.586418]
2022-08-24 08:32:24,613 - maincontroller.py - line:84 - INFO| [+] AGX API is running [2022-08-24 08:32:24.613345]
2022-08-24 08:32:24,613 - maincontroller.py - line:84 - INFO| [+] AGX API is running [2022-08-24 08:32:24.613345]
2022-08-24 08:32:24,665 - maincontroller.py - line:84 - INFO| [+] AGX API is running [2022-08-24 08:32:24.665207]
2022-08-24 08:32:26,212 - changefilename.py - line:41 - INFO| 图片有异物, 框住异物的图片保存成功
2022-08-24 08:32:26,225 - maincontroller.py - line:71 - INFO| <class 'flask.wrappers.Response'>
2022-08-24 08:32:26,348 - maincontroller.py - line:75 - ERROR| 文件夹图片分析异常:Traceback (most recent call last):
  File "maincontroller.py", line 73, in contrast_flod
    return jsonify({'statusCode': 200, 'msg': results})
  File "D:\Python38\lib\site-packages\flask\json\__init__.py", line 301, in jsonify
    f"{dumps(data, indent=indent, separators=separators)}\n",
  File "D:\Python38\lib\site-packages\flask\json\__init__.py", line 131, in dumps
    return _json.dumps(obj, **kwargs)
  File "D:\Python38\lib\json\__init__.py", line 234, in dumps
    return cls(
  File "D:\Python38\lib\json\encoder.py", line 199, in encode
    chunks = self.iterencode(o, _one_shot=True)
  File "D:\Python38\lib\json\encoder.py", line 257, in iterencode
    return _iterencode(o, 0)
  File "D:\Python38\lib\site-packages\flask\json\__init__.py", line 50, in default
    return super().default(o)
  File "D:\Python38\lib\json\encoder.py", line 179, in default
    raise TypeError(f'Object of type {o.__class__.__name__} '
TypeError: Object of type Response is not JSON serializable
行数:73
2022-08-24 08:33:49,574 - maincontroller.py - line:84 - INFO| [+] AGX API is running [2022-08-24 08:33:49.574818]
2022-08-24 08:34:00,579 - maincontroller.py - line:84 - INFO| [+] AGX API is running [2022-08-24 08:34:00.579714]
2022-08-24 08:34:00,671 - maincontroller.py - line:84 - INFO| [+] AGX API is running [2022-08-24 08:34:00.671468]
2022-08-24 08:34:00,671 - maincontroller.py - line:84 - INFO| [+] AGX API is running [2022-08-24 08:34:00.671468]
2022-08-24 08:34:00,706 - maincontroller.py - line:84 - INFO| [+] AGX API is running [2022-08-24 08:34:00.706376]
2022-08-24 08:34:00,748 - maincontroller.py - line:84 - INFO| [+] AGX API is running [2022-08-24 08:34:00.748262]
2022-08-24 08:34:00,807 - maincontroller.py - line:84 - INFO| [+] AGX API is running [2022-08-24 08:34:00.807105]
2022-08-24 08:34:00,808 - maincontroller.py - line:84 - INFO| [+] AGX API is running [2022-08-24 08:34:00.808102]
2022-08-24 08:34:00,846 - maincontroller.py - line:84 - INFO| [+] AGX API is running [2022-08-24 08:34:00.846000]
2022-08-24 08:34:00,864 - maincontroller.py - line:84 - INFO| [+] AGX API is running [2022-08-24 08:34:00.864950]
2022-08-24 08:34:00,921 - maincontroller.py - line:84 - INFO| [+] AGX API is running [2022-08-24 08:34:00.921798]
2022-08-24 08:34:00,936 - maincontroller.py - line:84 - INFO| [+] AGX API is running [2022-08-24 08:34:00.936760]
2022-08-24 08:34:01,028 - maincontroller.py - line:84 - INFO| [+] AGX API is running [2022-08-24 08:34:01.028512]
2022-08-24 08:34:01,084 - maincontroller.py - line:84 - INFO| [+] AGX API is running [2022-08-24 08:34:01.084362]
2022-08-24 08:34:01,098 - maincontroller.py - line:84 - INFO| [+] AGX API is running [2022-08-24 08:34:01.098325]
2022-08-24 08:34:01,171 - maincontroller.py - line:84 - INFO| [+] AGX API is running [2022-08-24 08:34:01.171130]
2022-08-24 08:34:01,188 - maincontroller.py - line:84 - INFO| [+] AGX API is running [2022-08-24 08:34:01.188085]
2022-08-24 08:34:02,590 - changefilename.py - line:41 - INFO| 图片有异物, 框住异物的图片保存成功
2022-08-24 08:34:02,608 - maincontroller.py - line:71 - INFO| <class 'flask.wrappers.Response'>
2022-08-24 08:34:34,085 - maincontroller.py - line:82 - INFO| [+] AGX API is running [2022-08-24 08:34:34.085095]
2022-08-24 08:34:45,368 - maincontroller.py - line:82 - INFO| [+] AGX API is running [2022-08-24 08:34:45.368457]
2022-08-24 08:34:45,395 - maincontroller.py - line:82 - INFO| [+] AGX API is running [2022-08-24 08:34:45.395385]
2022-08-24 08:34:45,418 - maincontroller.py - line:82 - INFO| [+] AGX API is running [2022-08-24 08:34:45.418324]
2022-08-24 08:34:45,425 - maincontroller.py - line:82 - INFO| [+] AGX API is running [2022-08-24 08:34:45.425307]
2022-08-24 08:34:45,537 - maincontroller.py - line:82 - INFO| [+] AGX API is running [2022-08-24 08:34:45.537006]
2022-08-24 08:34:45,577 - maincontroller.py - line:82 - INFO| [+] AGX API is running [2022-08-24 08:34:45.577897]
2022-08-24 08:34:45,610 - maincontroller.py - line:82 - INFO| [+] AGX API is running [2022-08-24 08:34:45.610807]
2022-08-24 08:34:45,720 - maincontroller.py - line:82 - INFO| [+] AGX API is running [2022-08-24 08:34:45.720514]
2022-08-24 08:34:45,783 - maincontroller.py - line:82 - INFO| [+] AGX API is running [2022-08-24 08:34:45.783346]
2022-08-24 08:34:45,783 - maincontroller.py - line:82 - INFO| [+] AGX API is running [2022-08-24 08:34:45.783346]
2022-08-24 08:34:45,787 - maincontroller.py - line:82 - INFO| [+] AGX API is running [2022-08-24 08:34:45.787335]
2022-08-24 08:34:45,802 - maincontroller.py - line:82 - INFO| [+] AGX API is running [2022-08-24 08:34:45.802295]
2022-08-24 08:34:45,835 - maincontroller.py - line:82 - INFO| [+] AGX API is running [2022-08-24 08:34:45.835207]
2022-08-24 08:34:45,870 - maincontroller.py - line:82 - INFO| [+] AGX API is running [2022-08-24 08:34:45.870113]
2022-08-24 08:34:45,879 - maincontroller.py - line:82 - INFO| [+] AGX API is running [2022-08-24 08:34:45.879089]
2022-08-24 08:34:45,923 - maincontroller.py - line:82 - INFO| [+] AGX API is running [2022-08-24 08:34:45.923969]
2022-08-24 08:34:47,396 - changefilename.py - line:41 - INFO| 图片有异物, 框住异物的图片保存成功
