2022-09-07 15:35:47,706 - readImageTools.py - line:45 - INFO| (3888, 5184, 3)
2022-09-07 15:35:48,342 - readImageTools.py - line:45 - INFO| (3888, 5184, 3)
2022-09-07 15:35:48,717 - timeTools.py - line:6 - INFO| 图片分析 -- 开始执行base64->rgb数组 2022-09-07 15:35:48.717343
2022-09-07 15:35:49,153 - timeTools.py - line:6 - INFO| 图片分析 -- 开始执行 uint8  2022-09-07 15:35:49.153500
2022-09-07 15:35:49,153 - timeTools.py - line:6 - INFO| 图片分析 --  开始执行差分运算  2022-09-07 15:35:49.153500
2022-09-07 15:35:52,999 - timeTools.py - line:6 - INFO| 图片分析 --  开始执行阈值分割  2022-09-07 15:35:52.999110
2022-09-07 15:35:53,012 - timeTools.py - line:6 - INFO| 图片分析 --  开始执行 开运算  2022-09-07 15:35:53.012074
2022-09-07 15:37:47,838 - readImageTools.py - line:45 - INFO| (3888, 5184, 3)
2022-09-07 15:37:48,455 - readImageTools.py - line:45 - INFO| (3888, 5184, 3)
2022-09-07 15:37:48,826 - timeTools.py - line:6 - INFO| 图片分析 -- 开始执行base64->rgb数组 2022-09-07 15:37:48.826314
2022-09-07 15:37:49,262 - timeTools.py - line:6 - INFO| 图片分析 -- 开始执行 uint8  2022-09-07 15:37:49.262012
2022-09-07 15:37:49,262 - timeTools.py - line:6 - INFO| 图片分析 --  开始执行差分运算  2022-09-07 15:37:49.262012
2022-09-07 15:37:53,090 - timeTools.py - line:6 - INFO| 图片分析 --  开始执行阈值分割  2022-09-07 15:37:53.090994
2022-09-07 15:37:53,103 - timeTools.py - line:6 - INFO| 图片分析 --  开始执行 开运算  2022-09-07 15:37:53.102962
2022-09-07 15:38:59,402 - readImageTools.py - line:45 - INFO| (3888, 5184, 3)
2022-09-07 15:39:00,043 - readImageTools.py - line:45 - INFO| (3888, 5184, 3)
2022-09-07 15:39:00,425 - timeTools.py - line:6 - INFO| 图片分析 -- 开始执行base64->rgb数组 2022-09-07 15:39:00.424099
2022-09-07 15:39:00,863 - timeTools.py - line:6 - INFO| 图片分析 -- 开始执行 uint8  2022-09-07 15:39:00.863824
2022-09-07 15:39:00,863 - timeTools.py - line:6 - INFO| 图片分析 --  开始执行差分运算  2022-09-07 15:39:00.863824
2022-09-07 15:39:04,835 - timeTools.py - line:6 - INFO| 图片分析 --  开始执行阈值分割  2022-09-07 15:39:04.835206
2022-09-07 15:39:04,846 - timeTools.py - line:6 - INFO| 图片分析 --  开始执行 开运算  2022-09-07 15:39:04.846178
2022-09-07 15:39:08,960 - detect.py - line:121 - INFO| 
2022-09-07 15:39:08,972 - timeTools.py - line:6 - INFO| 结束时间 2022-09-07 15:39:08.972145
2022-09-07 15:40:31,599 - readImageTools.py - line:45 - INFO| (3888, 5184, 3)
2022-09-07 15:40:32,205 - readImageTools.py - line:45 - INFO| (3888, 5184, 3)
2022-09-07 15:40:32,575 - timeTools.py - line:6 - INFO| 图片分析 -- 开始执行base64->rgb数组 2022-09-07 15:40:32.575730
2022-09-07 15:40:33,002 - timeTools.py - line:6 - INFO| 图片分析 -- 开始执行 uint8  2022-09-07 15:40:33.002558
2022-09-07 15:40:33,002 - timeTools.py - line:6 - INFO| 图片分析 --  开始执行差分运算  2022-09-07 15:40:33.002558
2022-09-07 15:40:36,789 - timeTools.py - line:6 - INFO| 图片分析 --  开始执行阈值分割  2022-09-07 15:40:36.789090
2022-09-07 15:40:36,802 - timeTools.py - line:6 - INFO| 图片分析 --  开始执行 开运算  2022-09-07 15:40:36.802056
2022-09-07 15:40:40,808 - detect.py - line:121 - INFO| 
2022-09-07 15:40:40,818 - timeTools.py - line:6 - INFO| 结束时间 2022-09-07 15:40:40.818316
2022-09-07 15:40:41,559 - readImageTools.py - line:45 - INFO| (3888, 5184, 3)
2022-09-07 15:40:42,236 - readImageTools.py - line:45 - INFO| (3888, 5184, 3)
2022-09-07 15:40:42,657 - timeTools.py - line:6 - INFO| 图片分析 -- 开始执行base64->rgb数组 2022-09-07 15:40:42.657101
2022-09-07 15:40:43,086 - timeTools.py - line:6 - INFO| 图片分析 -- 开始执行 uint8  2022-09-07 15:40:43.086180
2022-09-07 15:40:43,086 - timeTools.py - line:6 - INFO| 图片分析 --  开始执行差分运算  2022-09-07 15:40:43.086180
2022-09-07 15:40:46,911 - timeTools.py - line:6 - INFO| 图片分析 --  开始执行阈值分割  2022-09-07 15:40:46.911168
2022-09-07 15:40:46,923 - timeTools.py - line:6 - INFO| 图片分析 --  开始执行 开运算  2022-09-07 15:40:46.923137
2022-09-07 15:40:50,700 - detect.py - line:121 - INFO| 
2022-09-07 15:40:50,711 - timeTools.py - line:6 - INFO| 结束时间 2022-09-07 15:40:50.711009
2022-09-07 15:40:51,447 - readImageTools.py - line:45 - INFO| (3888, 5184, 3)
2022-09-07 15:40:52,122 - readImageTools.py - line:45 - INFO| (3888, 5184, 3)
2022-09-07 15:40:52,543 - timeTools.py - line:6 - INFO| 图片分析 -- 开始执行base64->rgb数组 2022-09-07 15:40:52.543337
2022-09-07 15:40:52,970 - timeTools.py - line:6 - INFO| 图片分析 -- 开始执行 uint8  2022-09-07 15:40:52.970194
2022-09-07 15:40:52,970 - timeTools.py - line:6 - INFO| 图片分析 --  开始执行差分运算  2022-09-07 15:40:52.970194
2022-09-07 15:40:56,739 - timeTools.py - line:6 - INFO| 图片分析 --  开始执行阈值分割  2022-09-07 15:40:56.739118
2022-09-07 15:40:56,754 - timeTools.py - line:6 - INFO| 图片分析 --  开始执行 开运算  2022-09-07 15:40:56.754077
2022-09-07 15:41:00,646 - detect.py - line:121 - INFO| 
2022-09-07 15:41:00,660 - timeTools.py - line:6 - INFO| 结束时间 2022-09-07 15:41:00.660633
