2022-08-30 15:22:44,562 - floder_analysis.py - line:37 - INFO| 开始执行当前文件：1
2022-08-30 15:22:45,469 - readImageTools.py - line:45 - INFO| (3888, 5184, 3)
2022-08-30 15:22:48,094 - readImageTools.py - line:45 - INFO| (3888, 5184, 3)
2022-08-30 15:22:49,484 - timeTools.py - line:6 - INFO| 图片分析 -- 开始执行base64->rgb数组 2022-08-30 15:22:49.484836
2022-08-30 15:22:51,360 - timeTools.py - line:6 - INFO| 图片分析 -- 开始执行 uint8  2022-08-30 15:22:51.360196
2022-08-30 15:22:51,360 - timeTools.py - line:6 - INFO| 图片分析 --  开始执行差分运算  2022-08-30 15:22:51.360196
2022-08-30 15:23:16,314 - timeTools.py - line:6 - INFO| 图片分析 --  开始执行阈值分割  2022-08-30 15:23:16.314139
2022-08-30 15:23:16,329 - timeTools.py - line:6 - INFO| 图片分析 --  开始执行 开运算  2022-08-30 15:23:16.329701
2022-08-30 15:23:22,860 - detect.py - line:121 - INFO| 
2022-08-30 15:23:22,876 - timeTools.py - line:6 - INFO| 结束时间 2022-08-30 15:23:22.876463
2022-08-30 15:23:23,064 - floder_analysis.py - line:59 - INFO| 异常:../images/image2/1.JPG
2022-08-30 15:23:23,845 - floder_analysis.py - line:37 - INFO| 开始执行当前文件：2
2022-08-30 15:23:24,360 - readImageTools.py - line:45 - INFO| (3888, 5184, 3)
2022-08-30 15:23:26,485 - readImageTools.py - line:45 - INFO| (3888, 5184, 3)
2022-08-30 15:23:27,876 - timeTools.py - line:6 - INFO| 图片分析 -- 开始执行base64->rgb数组 2022-08-30 15:23:27.876803
2022-08-30 15:23:29,439 - timeTools.py - line:6 - INFO| 图片分析 -- 开始执行 uint8  2022-08-30 15:23:29.439219
2022-08-30 15:23:29,439 - timeTools.py - line:6 - INFO| 图片分析 --  开始执行差分运算  2022-08-30 15:23:29.439219
2022-08-30 15:23:52,565 - timeTools.py - line:6 - INFO| 图片分析 --  开始执行阈值分割  2022-08-30 15:23:52.565230
2022-08-30 15:23:52,596 - timeTools.py - line:6 - INFO| 图片分析 --  开始执行 开运算  2022-08-30 15:23:52.596709
2022-08-30 15:23:58,861 - detect.py - line:121 - INFO| 
2022-08-30 15:23:58,877 - timeTools.py - line:6 - INFO| 结束时间 2022-08-30 15:23:58.877603
2022-08-30 15:23:59,081 - floder_analysis.py - line:59 - INFO| 异常:../images/image2/2.JPG
2022-08-30 15:23:59,857 - floder_analysis.py - line:37 - INFO| 开始执行当前文件：3
2022-08-30 15:24:00,391 - readImageTools.py - line:45 - INFO| (3888, 5184, 3)
2022-08-30 15:24:02,581 - readImageTools.py - line:45 - INFO| (3888, 5184, 3)
2022-08-30 15:24:03,971 - timeTools.py - line:6 - INFO| 图片分析 -- 开始执行base64->rgb数组 2022-08-30 15:24:03.971677
2022-08-30 15:24:05,565 - timeTools.py - line:6 - INFO| 图片分析 -- 开始执行 uint8  2022-08-30 15:24:05.565688
2022-08-30 15:24:05,565 - timeTools.py - line:6 - INFO| 图片分析 --  开始执行差分运算  2022-08-30 15:24:05.565688
2022-08-30 15:24:27,316 - timeTools.py - line:6 - INFO| 图片分析 --  开始执行阈值分割  2022-08-30 15:24:27.300615
2022-08-30 15:24:27,331 - timeTools.py - line:6 - INFO| 图片分析 --  开始执行 开运算  2022-08-30 15:24:27.331817
2022-08-30 15:24:33,972 - detect.py - line:121 - INFO| 
2022-08-30 15:24:33,972 - timeTools.py - line:6 - INFO| 结束时间 2022-08-30 15:24:33.972458
2022-08-30 15:24:34,222 - floder_analysis.py - line:59 - INFO| 异常:../images/image2/3.JPG
2022-08-30 15:24:35,019 - floder_analysis.py - line:37 - INFO| 开始执行当前文件：4
2022-08-30 15:24:35,503 - readImageTools.py - line:45 - INFO| (3888, 5184, 3)
2022-08-30 15:24:37,910 - readImageTools.py - line:45 - INFO| (3888, 5184, 3)
2022-08-30 15:24:39,300 - timeTools.py - line:6 - INFO| 图片分析 -- 开始执行base64->rgb数组 2022-08-30 15:24:39.300874
2022-08-30 15:24:40,863 - timeTools.py - line:6 - INFO| 图片分析 -- 开始执行 uint8  2022-08-30 15:24:40.863492
2022-08-30 15:24:40,863 - timeTools.py - line:6 - INFO| 图片分析 --  开始执行差分运算  2022-08-30 15:24:40.863492
2022-08-30 15:25:02,488 - floder_analysis.py - line:37 - INFO| 开始执行当前文件：1
2022-08-30 15:25:03,176 - readImageTools.py - line:45 - INFO| (3888, 5184, 3)
2022-08-30 15:25:05,754 - readImageTools.py - line:45 - INFO| (3888, 5184, 3)
2022-08-30 15:25:07,161 - timeTools.py - line:6 - INFO| 图片分析 -- 开始执行base64->rgb数组 2022-08-30 15:25:07.161405
2022-08-30 15:25:09,114 - timeTools.py - line:6 - INFO| 图片分析 -- 开始执行 uint8  2022-08-30 15:25:09.114463
2022-08-30 15:25:09,114 - timeTools.py - line:6 - INFO| 图片分析 --  开始执行差分运算  2022-08-30 15:25:09.114463
